[2025-11-22  16:31:59] INFO main/main Icecast 2.4.4 server started
[2025-11-22  16:31:59] INFO yp/yp_update_thread YP update thread started
[2025-11-22  16:31:59] INFO connection/get_ssl_certificate No SSL capability on any configured ports
[2025-11-22  17:10:10] INFO fserve/fserve_client_create checking for file /style.css (/usr/share/icecast/web/style.css)
[2025-11-22  17:10:10] INFO fserve/fserve_client_create checking for file /icecast.png (/usr/share/icecast/web/icecast.png)
[2025-11-22  17:10:11] INFO fserve/fserve_client_create checking for file /favicon.ico (/usr/share/icecast/web/favicon.ico)
[2025-11-22  17:10:11] WARN fserve/fserve_client_create req for file "/usr/share/icecast/web/favicon.ico" No such file or directory
[2025-11-22  18:09:01] INFO main/_server_proc Caught halt request, shutting down...
[2025-11-22  18:09:01] INFO main/main Shutting down
[2025-11-22  18:09:01] INFO fserve/fserve_shutdown file serving stopped
[2025-11-22  18:09:02] INFO slave/_slave_thread shutting down current relays
[2025-11-22  18:09:02] INFO slave/_slave_thread Slave thread shutdown complete
[2025-11-22  18:09:02] INFO auth/auth_shutdown Auth shutdown
[2025-11-22  18:09:02] INFO yp/yp_shutdown YP thread down
[2025-11-22  18:09:02] INFO stats/stats_shutdown stats thread finished
[2025-11-22  18:09:05] INFO main/main Icecast 2.4.4 server started
[2025-11-22  18:09:05] INFO yp/yp_update_thread YP update thread started
[2025-11-22  18:09:05] INFO connection/get_ssl_certificate No SSL capability on any configured ports
[2025-11-24  12:15:45] INFO main/_server_proc Caught halt request, shutting down...
[2025-11-24  12:15:45] INFO main/main Shutting down
[2025-11-24  12:15:45] INFO fserve/fserve_shutdown file serving stopped
[2025-11-24  12:15:45] INFO slave/_slave_thread shutting down current relays
[2025-11-24  12:15:45] INFO slave/_slave_thread Slave thread shutdown complete
[2025-11-24  12:15:45] INFO auth/auth_shutdown Auth shutdown
[2025-11-24  12:15:45] INFO yp/yp_shutdown YP thread down
[2025-11-24  12:15:46] INFO stats/stats_shutdown stats thread finished
[2025-11-24  14:03:05] INFO main/main Icecast 2.4.4 server started
[2025-11-24  14:03:05] INFO yp/yp_update_thread YP update thread started
[2025-11-24  14:03:05] INFO connection/get_ssl_certificate No SSL capability on any configured ports
[2025-11-26  03:27:46] INFO main/_server_proc Caught halt request, shutting down...
[2025-11-26  03:27:46] INFO main/main Shutting down
[2025-11-26  03:27:46] INFO fserve/fserve_shutdown file serving stopped
[2025-11-26  03:27:46] INFO slave/_slave_thread shutting down current relays
[2025-11-26  03:27:46] INFO slave/_slave_thread Slave thread shutdown complete
[2025-11-26  03:27:46] INFO auth/auth_shutdown Auth shutdown
[2025-11-26  03:27:46] INFO yp/yp_shutdown YP thread down
[2025-11-26  03:27:47] INFO stats/stats_shutdown stats thread finished
[2025-11-29  15:12:12] INFO main/main Icecast 2.4.4 server started
[2025-11-29  15:12:12] INFO yp/yp_update_thread YP update thread started
[2025-11-29  15:12:12] INFO connection/get_ssl_certificate No SSL capability on any configured ports
